This job can be monitored from: https://job.c3se.chalmers.se/alvis/5059076
WARNING ÔÜá´©Å argument 'device=0,' does not require trailing comma ',', updating to 'device=0'.
New https://pypi.org/project/ultralytics/8.3.202 available ­ƒÿâ Update with 'pip install -U ultralytics'
Ultralytics 8.3.170 ­ƒÜÇ Python-3.11.3 torch-2.1.2 CUDA:0 (NVIDIA A100-SXM4-40GB, 40441MiB)
[34m[1mengine/trainer: [0magnostic_nms=False, amp=True, augment=False, auto_augment=randaugment, batch=64, bgr=0.0, box=7.5, cache=True, cfg=None, classes=None, close_mosaic=10, cls=0.5, conf=None, copy_paste=0.0, copy_paste_mode=flip, cos_lr=False, cutmix=0.0, data=configs/kitti_yolo.yaml, degrees=0.0, deterministic=True, device=0, dfl=1.5, dnn=False, dropout=0.0, dynamic=False, embed=None, epochs=100, erasing=0.4, exist_ok=True, fliplr=0.5, flipud=0.0, format=torchscript, fraction=1.0, freeze=None, half=False, hsv_h=0.015, hsv_s=0.7, hsv_v=0.4, imgsz=640, int8=False, iou=0.7, keras=False, kobj=1.0, line_width=None, lr0=0.01, lrf=0.01, mask_ratio=4, max_det=300, mixup=0.0, mode=train, model=yolov8n.pt, momentum=0.937, mosaic=1.0, multi_scale=False, name=train, nbs=64, nms=False, opset=None, optimize=False, optimizer=auto, overlap_mask=True, patience=30, perspective=0.0, plots=True, pose=12.0, pretrained=True, profile=False, project=yolo_kitti_temp, rect=False, resume=False, retina_masks=False, save=True, save_conf=False, save_crop=False, save_dir=yolo_kitti_temp/train, save_frames=False, save_json=False, save_period=-1, save_txt=False, scale=0.5, seed=0, shear=0.0, show=False, show_boxes=True, show_conf=True, show_labels=True, simplify=True, single_cls=False, source=None, split=val, stream_buffer=False, task=detect, time=None, tracker=botsort.yaml, translate=0.1, val=True, verbose=True, vid_stride=1, visualize=False, warmup_bias_lr=0.1, warmup_epochs=3.0, warmup_momentum=0.8, weight_decay=0.0005, workers=16, workspace=None
Overriding model.yaml nc=80 with nc=8

                   from  n    params  module                                       arguments                     
  0                  -1  1       464  ultralytics.nn.modules.conv.Conv             [3, 16, 3, 2]                 
  1                  -1  1      4672  ultralytics.nn.modules.conv.Conv             [16, 32, 3, 2]                
  2                  -1  1      7360  ultralytics.nn.modules.block.C2f             [32, 32, 1, True]             
  3                  -1  1     18560  ultralytics.nn.modules.conv.Conv             [32, 64, 3, 2]                
  4                  -1  2     49664  ultralytics.nn.modules.block.C2f             [64, 64, 2, True]             
  5                  -1  1     73984  ultralytics.nn.modules.conv.Conv             [64, 128, 3, 2]               
  6                  -1  2    197632  ultralytics.nn.modules.block.C2f             [128, 128, 2, True]           
  7                  -1  1    295424  ultralytics.nn.modules.conv.Conv             [128, 256, 3, 2]              
  8                  -1  1    460288  ultralytics.nn.modules.block.C2f             [256, 256, 1, True]           
  9                  -1  1    164608  ultralytics.nn.modules.block.SPPF            [256, 256, 5]                 
 10                  -1  1         0  torch.nn.modules.upsampling.Upsample         [None, 2, 'nearest']          
 11             [-1, 6]  1         0  ultralytics.nn.modules.conv.Concat           [1]                           
 12                  -1  1    148224  ultralytics.nn.modules.block.C2f             [384, 128, 1]                 
 13                  -1  1         0  torch.nn.modules.upsampling.Upsample         [None, 2, 'nearest']          
 14             [-1, 4]  1         0  ultralytics.nn.modules.conv.Concat           [1]                           
 15                  -1  1     37248  ultralytics.nn.modules.block.C2f             [192, 64, 1]                  
 16                  -1  1     36992  ultralytics.nn.modules.conv.Conv             [64, 64, 3, 2]                
 17            [-1, 12]  1         0  ultralytics.nn.modules.conv.Concat           [1]                           
 18                  -1  1    123648  ultralytics.nn.modules.block.C2f             [192, 128, 1]                 
 19                  -1  1    147712  ultralytics.nn.modules.conv.Conv             [128, 128, 3, 2]              
 20             [-1, 9]  1         0  ultralytics.nn.modules.conv.Concat           [1]                           
 21                  -1  1    493056  ultralytics.nn.modules.block.C2f             [384, 256, 1]                 
 22        [15, 18, 21]  1    752872  ultralytics.nn.modules.head.Detect           [8, [64, 128, 256]]           
Model summary: 129 layers, 3,012,408 parameters, 3,012,392 gradients, 8.2 GFLOPs

Transferred 319/355 items from pretrained weights
Freezing layer 'model.22.dfl.conv.weight'
[34m[1mAMP: [0mrunning Automatic Mixed Precision (AMP) checks...
[34m[1mAMP: [0mchecks passed Ô£à
[34m[1mtrain: [0mFast image access Ô£à (ping: 0.0┬▒0.0 ms, read: 446.8┬▒42.1 MB/s, size: 728.7 KB)
WARNING ÔÜá´©Å cache='ram' may produce non-deterministic training results. Consider cache='disk' as a deterministic alternative if your disk space allows.
[34m[1mval: [0mFast image access Ô£à (ping: 0.0┬▒0.0 ms, read: 24.2┬▒1.8 MB/s, size: 814.7 KB)
WARNING ÔÜá´©Å cache='ram' may produce non-deterministic training results. Consider cache='disk' as a deterministic alternative if your disk space allows.
Plotting labels to yolo_kitti_temp/train/labels.jpg... 
[34m[1moptimizer:[0m 'optimizer=auto' found, ignoring 'lr0=0.01' and 'momentum=0.937' and determining best 'optimizer', 'lr0' and 'momentum' automatically... 
[34m[1moptimizer:[0m AdamW(lr=0.000833, momentum=0.9) with parameter groups 57 weight(decay=0.0), 64 weight(decay=0.0005), 63 bias(decay=0.0)
Image sizes 640 train, 640 val
Using 16 dataloader workers
Logging results to [1myolo_kitti_temp/train[0m
Starting training for 100 epochs...

      Epoch    GPU_mem   box_loss   cls_loss   dfl_loss  Instances       Size
                   all       1497       7772      0.706      0.135      0.311       0.19

      Epoch    GPU_mem   box_loss   cls_loss   dfl_loss  Instances       Size
                   all       1497       7772      0.515      0.442      0.443       0.24

      Epoch    GPU_mem   box_loss   cls_loss   dfl_loss  Instances       Size
                   all       1497       7772      0.631      0.407      0.448      0.262

      Epoch    GPU_mem   box_loss   cls_loss   dfl_loss  Instances       Size
                   all       1497       7772      0.592      0.532      0.553      0.319

      Epoch    GPU_mem   box_loss   cls_loss   dfl_loss  Instances       Size
                   all       1497       7772       0.69      0.575      0.629      0.373

      Epoch    GPU_mem   box_loss   cls_loss   dfl_loss  Instances       Size
                   all       1497       7772      0.667      0.581      0.626      0.386

      Epoch    GPU_mem   box_loss   cls_loss   dfl_loss  Instances       Size
                   all       1497       7772      0.635      0.602      0.626      0.388

      Epoch    GPU_mem   box_loss   cls_loss   dfl_loss  Instances       Size
                   all       1497       7772      0.701      0.562      0.627      0.396

      Epoch    GPU_mem   box_loss   cls_loss   dfl_loss  Instances       Size
                   all       1497       7772       0.71      0.637      0.691      0.441

      Epoch    GPU_mem   box_loss   cls_loss   dfl_loss  Instances       Size
                   all       1497       7772      0.733      0.642      0.689      0.443

      Epoch    GPU_mem   box_loss   cls_loss   dfl_loss  Instances       Size
                   all       1497       7772      0.802      0.571      0.675       0.44

      Epoch    GPU_mem   box_loss   cls_loss   dfl_loss  Instances       Size
                   all       1497       7772      0.741      0.629      0.703       0.44

      Epoch    GPU_mem   box_loss   cls_loss   dfl_loss  Instances       Size
                   all       1497       7772      0.773      0.685      0.758      0.487

      Epoch    GPU_mem   box_loss   cls_loss   dfl_loss  Instances       Size
                   all       1497       7772      0.728      0.667      0.733      0.472

      Epoch    GPU_mem   box_loss   cls_loss   dfl_loss  Instances       Size
                   all       1497       7772      0.798      0.674      0.757      0.495

      Epoch    GPU_mem   box_loss   cls_loss   dfl_loss  Instances       Size
                   all       1497       7772      0.776      0.677      0.754      0.484

      Epoch    GPU_mem   box_loss   cls_loss   dfl_loss  Instances       Size
                   all       1497       7772      0.835      0.686      0.784      0.504

      Epoch    GPU_mem   box_loss   cls_loss   dfl_loss  Instances       Size
                   all       1497       7772      0.794      0.695      0.776      0.514

      Epoch    GPU_mem   box_loss   cls_loss   dfl_loss  Instances       Size
                   all       1497       7772      0.819      0.695      0.782      0.516

      Epoch    GPU_mem   box_loss   cls_loss   dfl_loss  Instances       Size
                   all       1497       7772      0.826      0.679      0.779      0.512

      Epoch    GPU_mem   box_loss   cls_loss   dfl_loss  Instances       Size
                   all       1497       7772       0.81      0.681      0.772      0.516

      Epoch    GPU_mem   box_loss   cls_loss   dfl_loss  Instances       Size
                   all       1497       7772      0.857      0.682      0.787       0.53

      Epoch    GPU_mem   box_loss   cls_loss   dfl_loss  Instances       Size
                   all       1497       7772      0.826      0.695      0.792      0.534

      Epoch    GPU_mem   box_loss   cls_loss   dfl_loss  Instances       Size
                   all       1497       7772      0.775      0.733      0.796      0.535

      Epoch    GPU_mem   box_loss   cls_loss   dfl_loss  Instances       Size
                   all       1497       7772      0.817      0.725      0.797      0.546

      Epoch    GPU_mem   box_loss   cls_loss   dfl_loss  Instances       Size
                   all       1497       7772      0.871      0.707      0.812      0.541

      Epoch    GPU_mem   box_loss   cls_loss   dfl_loss  Instances       Size
                   all       1497       7772       0.85      0.728      0.814      0.553

      Epoch    GPU_mem   box_loss   cls_loss   dfl_loss  Instances       Size
                   all       1497       7772      0.841      0.724      0.827      0.558

      Epoch    GPU_mem   box_loss   cls_loss   dfl_loss  Instances       Size
                   all       1497       7772      0.852      0.719      0.822      0.561

      Epoch    GPU_mem   box_loss   cls_loss   dfl_loss  Instances       Size
                   all       1497       7772      0.813      0.752      0.823       0.56

      Epoch    GPU_mem   box_loss   cls_loss   dfl_loss  Instances       Size
                   all       1497       7772      0.857      0.732      0.827      0.565

      Epoch    GPU_mem   box_loss   cls_loss   dfl_loss  Instances       Size
                   all       1497       7772      0.796      0.763      0.827      0.567

      Epoch    GPU_mem   box_loss   cls_loss   dfl_loss  Instances       Size
                   all       1497       7772      0.847      0.738      0.822      0.567

      Epoch    GPU_mem   box_loss   cls_loss   dfl_loss  Instances       Size
                   all       1497       7772      0.832      0.757      0.842      0.583

      Epoch    GPU_mem   box_loss   cls_loss   dfl_loss  Instances       Size
                   all       1497       7772      0.874      0.745      0.837      0.577

      Epoch    GPU_mem   box_loss   cls_loss   dfl_loss  Instances       Size
                   all       1497       7772      0.811      0.795      0.845      0.583

      Epoch    GPU_mem   box_loss   cls_loss   dfl_loss  Instances       Size
                   all       1497       7772      0.846      0.753      0.832      0.579

      Epoch    GPU_mem   box_loss   cls_loss   dfl_loss  Instances       Size
                   all       1497       7772      0.826      0.771       0.84      0.581

      Epoch    GPU_mem   box_loss   cls_loss   dfl_loss  Instances       Size
                   all       1497       7772      0.824      0.804      0.848       0.59

      Epoch    GPU_mem   box_loss   cls_loss   dfl_loss  Instances       Size
                   all       1497       7772      0.866      0.785      0.856      0.592

      Epoch    GPU_mem   box_loss   cls_loss   dfl_loss  Instances       Size
                   all       1497       7772      0.871      0.764      0.855      0.589

      Epoch    GPU_mem   box_loss   cls_loss   dfl_loss  Instances       Size
                   all       1497       7772       0.85      0.782      0.855        0.6

      Epoch    GPU_mem   box_loss   cls_loss   dfl_loss  Instances       Size
                   all       1497       7772      0.866      0.786      0.861      0.604

      Epoch    GPU_mem   box_loss   cls_loss   dfl_loss  Instances       Size
                   all       1497       7772      0.836      0.798      0.852      0.594

      Epoch    GPU_mem   box_loss   cls_loss   dfl_loss  Instances       Size
                   all       1497       7772      0.851      0.805      0.864      0.605

      Epoch    GPU_mem   box_loss   cls_loss   dfl_loss  Instances       Size
                   all       1497       7772      0.857      0.792      0.862      0.601

      Epoch    GPU_mem   box_loss   cls_loss   dfl_loss  Instances       Size
                   all       1497       7772      0.855      0.792      0.865      0.611

      Epoch    GPU_mem   box_loss   cls_loss   dfl_loss  Instances       Size
                   all       1497       7772      0.852      0.795      0.861      0.608

      Epoch    GPU_mem   box_loss   cls_loss   dfl_loss  Instances       Size
                   all       1497       7772      0.857      0.806      0.865      0.612

      Epoch    GPU_mem   box_loss   cls_loss   dfl_loss  Instances       Size
                   all       1497       7772      0.841      0.805       0.86      0.615

      Epoch    GPU_mem   box_loss   cls_loss   dfl_loss  Instances       Size
                   all       1497       7772      0.857      0.784      0.854      0.604

      Epoch    GPU_mem   box_loss   cls_loss   dfl_loss  Instances       Size
                   all       1497       7772      0.849      0.803      0.859      0.618

      Epoch    GPU_mem   box_loss   cls_loss   dfl_loss  Instances       Size
                   all       1497       7772      0.863      0.811       0.87      0.617

      Epoch    GPU_mem   box_loss   cls_loss   dfl_loss  Instances       Size
                   all       1497       7772      0.855      0.839      0.873      0.622

      Epoch    GPU_mem   box_loss   cls_loss   dfl_loss  Instances       Size
                   all       1497       7772      0.892      0.797      0.877      0.629

      Epoch    GPU_mem   box_loss   cls_loss   dfl_loss  Instances       Size
                   all       1497       7772      0.858      0.827      0.877      0.625

      Epoch    GPU_mem   box_loss   cls_loss   dfl_loss  Instances       Size
                   all       1497       7772      0.901       0.77      0.874      0.628

      Epoch    GPU_mem   box_loss   cls_loss   dfl_loss  Instances       Size
                   all       1497       7772      0.887      0.793      0.871      0.627

      Epoch    GPU_mem   box_loss   cls_loss   dfl_loss  Instances       Size
                   all       1497       7772      0.886      0.806      0.878      0.639

      Epoch    GPU_mem   box_loss   cls_loss   dfl_loss  Instances       Size
                   all       1497       7772      0.876      0.816      0.878      0.633

      Epoch    GPU_mem   box_loss   cls_loss   dfl_loss  Instances       Size
                   all       1497       7772      0.877      0.816      0.874      0.635

      Epoch    GPU_mem   box_loss   cls_loss   dfl_loss  Instances       Size
                   all       1497       7772      0.865      0.808      0.877      0.638

      Epoch    GPU_mem   box_loss   cls_loss   dfl_loss  Instances       Size
                   all       1497       7772      0.882      0.804      0.881      0.644

      Epoch    GPU_mem   box_loss   cls_loss   dfl_loss  Instances       Size
                   all       1497       7772        0.9      0.812      0.879      0.634

      Epoch    GPU_mem   box_loss   cls_loss   dfl_loss  Instances       Size
                   all       1497       7772      0.905      0.807      0.885      0.645

      Epoch    GPU_mem   box_loss   cls_loss   dfl_loss  Instances       Size
                   all       1497       7772       0.87       0.83      0.883      0.646

      Epoch    GPU_mem   box_loss   cls_loss   dfl_loss  Instances       Size
                   all       1497       7772      0.886       0.81      0.883      0.643

      Epoch    GPU_mem   box_loss   cls_loss   dfl_loss  Instances       Size
                   all       1497       7772      0.869      0.812       0.88      0.643

      Epoch    GPU_mem   box_loss   cls_loss   dfl_loss  Instances       Size
                   all       1497       7772      0.895      0.809      0.883       0.65

      Epoch    GPU_mem   box_loss   cls_loss   dfl_loss  Instances       Size
                   all       1497       7772      0.899      0.807      0.883      0.648

      Epoch    GPU_mem   box_loss   cls_loss   dfl_loss  Instances       Size
                   all       1497       7772      0.879      0.821      0.882      0.648

      Epoch    GPU_mem   box_loss   cls_loss   dfl_loss  Instances       Size
                   all       1497       7772      0.898      0.808       0.88      0.644

      Epoch    GPU_mem   box_loss   cls_loss   dfl_loss  Instances       Size
                   all       1497       7772      0.907      0.824      0.888      0.645

      Epoch    GPU_mem   box_loss   cls_loss   dfl_loss  Instances       Size
                   all       1497       7772      0.895      0.813      0.876      0.648

      Epoch    GPU_mem   box_loss   cls_loss   dfl_loss  Instances       Size
                   all       1497       7772      0.893      0.811      0.881      0.647

      Epoch    GPU_mem   box_loss   cls_loss   dfl_loss  Instances       Size
                   all       1497       7772      0.909      0.799       0.88       0.65

      Epoch    GPU_mem   box_loss   cls_loss   dfl_loss  Instances       Size
                   all       1497       7772      0.865      0.817       0.88       0.65

      Epoch    GPU_mem   box_loss   cls_loss   dfl_loss  Instances       Size
                   all       1497       7772      0.891      0.814      0.879      0.651

      Epoch    GPU_mem   box_loss   cls_loss   dfl_loss  Instances       Size
                   all       1497       7772      0.886      0.812      0.879      0.653

      Epoch    GPU_mem   box_loss   cls_loss   dfl_loss  Instances       Size
                   all       1497       7772      0.896      0.808      0.879      0.653

      Epoch    GPU_mem   box_loss   cls_loss   dfl_loss  Instances       Size
                   all       1497       7772      0.887      0.806      0.882      0.656

      Epoch    GPU_mem   box_loss   cls_loss   dfl_loss  Instances       Size
                   all       1497       7772      0.899      0.805      0.883      0.658

      Epoch    GPU_mem   box_loss   cls_loss   dfl_loss  Instances       Size
                   all       1497       7772      0.898      0.813      0.882      0.656

      Epoch    GPU_mem   box_loss   cls_loss   dfl_loss  Instances       Size
                   all       1497       7772      0.906      0.805      0.883      0.659

      Epoch    GPU_mem   box_loss   cls_loss   dfl_loss  Instances       Size
                   all       1497       7772      0.901      0.824      0.888      0.661

      Epoch    GPU_mem   box_loss   cls_loss   dfl_loss  Instances       Size
                   all       1497       7772       0.89      0.832      0.887      0.658

      Epoch    GPU_mem   box_loss   cls_loss   dfl_loss  Instances       Size
                   all       1497       7772      0.882      0.828      0.886      0.658

      Epoch    GPU_mem   box_loss   cls_loss   dfl_loss  Instances       Size
                   all       1497       7772      0.902       0.81      0.883      0.656

      Epoch    GPU_mem   box_loss   cls_loss   dfl_loss  Instances       Size
                   all       1497       7772      0.898      0.807      0.883      0.654

      Epoch    GPU_mem   box_loss   cls_loss   dfl_loss  Instances       Size
                   all       1497       7772      0.885      0.818      0.883      0.657
Closing dataloader mosaic

      Epoch    GPU_mem   box_loss   cls_loss   dfl_loss  Instances       Size
                   all       1497       7772      0.871      0.823      0.881      0.654

      Epoch    GPU_mem   box_loss   cls_loss   dfl_loss  Instances       Size
                   all       1497       7772      0.872      0.829      0.884      0.653

      Epoch    GPU_mem   box_loss   cls_loss   dfl_loss  Instances       Size
                   all       1497       7772      0.891      0.818      0.886      0.653

      Epoch    GPU_mem   box_loss   cls_loss   dfl_loss  Instances       Size
                   all       1497       7772      0.907      0.806      0.883      0.655

      Epoch    GPU_mem   box_loss   cls_loss   dfl_loss  Instances       Size
                   all       1497       7772      0.872      0.825      0.883      0.653

      Epoch    GPU_mem   box_loss   cls_loss   dfl_loss  Instances       Size
                   all       1497       7772      0.875      0.822      0.888      0.657

      Epoch    GPU_mem   box_loss   cls_loss   dfl_loss  Instances       Size
                   all       1497       7772      0.907      0.796      0.888      0.658

      Epoch    GPU_mem   box_loss   cls_loss   dfl_loss  Instances       Size
                   all       1497       7772      0.907      0.797      0.886      0.659

      Epoch    GPU_mem   box_loss   cls_loss   dfl_loss  Instances       Size
                   all       1497       7772      0.903      0.801      0.885      0.658

      Epoch    GPU_mem   box_loss   cls_loss   dfl_loss  Instances       Size
                   all       1497       7772      0.907      0.797      0.886      0.658

100 epochs completed in 0.563 hours.
Optimizer stripped from yolo_kitti_temp/train/weights/last.pt, 6.2MB
Optimizer stripped from yolo_kitti_temp/train/weights/best.pt, 6.2MB

Validating yolo_kitti_temp/train/weights/best.pt...
Ultralytics 8.3.170 ­ƒÜÇ Python-3.11.3 torch-2.1.2 CUDA:0 (NVIDIA A100-SXM4-40GB, 40441MiB)
Model summary (fused): 72 layers, 3,007,208 parameters, 0 gradients, 8.1 GFLOPs
                   all       1497       7772        0.9      0.825      0.888      0.661
                   Car       1333       5680       0.93      0.928      0.968      0.803
                   Van        425        563      0.942      0.901      0.952       0.77
                 Truck        190        198      0.954      0.924      0.967      0.809
            Pedestrian        357        896      0.907      0.693      0.816      0.471
        Person_sitting         13         30      0.754      0.633      0.686      0.412
               Cyclist        222        306      0.922      0.771      0.893      0.621
                  Tram         76         99      0.893      0.926      0.938      0.741
Speed: 0.0ms preprocess, 0.2ms inference, 0.0ms loss, 0.6ms postprocess per image
Results saved to [1myolo_kitti_temp/train[0m
­ƒÆí Learn more at https://docs.ultralytics.com/modes/train
[34m[1mVS Code:[0m view Ultralytics VS Code Extension ÔÜí at https://docs.ultralytics.com/integrations/vscode
